<?xml version="1.0" encoding="UTF-8" standalone="no"?>
<window xmlns="http://schemas.haulmont.com/cuba/screen/window.xsd"
  caption="msg://testChildEdit.caption"
  focusComponent="form"
  messagesPack="com.company.multitenancyentitycache.web.screens.testchild">
  <data>
    <instance id="testChildDc"
      class="com.company.multitenancyentitycache.entity.TestChild">
      <view extends="_local"/>
      <loader/>
    </instance>
  </data>
  <dialogMode height="600"
    width="800"/>
  <layout expand="editActions" spacing="true">
    <form id="form" dataContainer="testChildDc">
      <column width="350px">
        <textField id="tenantIdField" property="tenantId"/>
        <textField id="testField" property="test"/>
      </column>
    </form>
    <hbox id="editActions" spacing="true">
      <button id="commitAndCloseBtn" action="windowCommitAndClose"/>
      <button id="closeBtn" action="windowClose"/>
    </hbox>
  </layout>
</window>
