<?xml version="1.0" encoding="UTF-8" standalone="no"?>
<window xmlns="http://schemas.haulmont.com/cuba/screen/window.xsd"
  xmlns:c="http://schemas.haulmont.com/cuba/screen/jpql_condition.xsd"
  caption="msg://testChildBrowse.caption"
  focusComponent="testChildrenTable"
  messagesPack="com.company.multitenancyentitycache.web.screens.testchild">
  <data readOnly="true">
    <collection id="testChildrenDc"
      class="com.company.multitenancyentitycache.entity.TestChild">
      <view extends="_local"/>
      <loader id="testChildrenDl">
        <query>
          <![CDATA[select e from multitenancyentitycache_TestChild e]]>
        </query>
      </loader>
    </collection>
  </data>
  <dialogMode height="600"
    width="800"/>
  <layout expand="testChildrenTable"
    spacing="true">
    <filter id="filter"
      applyTo="testChildrenTable"
      dataLoader="testChildrenDl">
      <properties include=".*"/>
    </filter>
    <groupTable id="testChildrenTable"
      width="100%"
      dataContainer="testChildrenDc">
      <actions>
        <action id="create" type="create"/>
        <action id="edit" type="edit"/>
        <action id="remove" type="remove"/>
      </actions>
      <columns>
        <column id="tenantId"/>
        <column id="test"/>
      </columns>
      <rowsCount/>
      <buttonsPanel id="buttonsPanel"
        alwaysVisible="true">
        <button id="createBtn" action="testChildrenTable.create"/>
        <button id="editBtn" action="testChildrenTable.edit"/>
        <button id="removeBtn" action="testChildrenTable.remove"/>
      </buttonsPanel>
    </groupTable>
    <hbox id="lookupActions" spacing="true" visible="false">
      <button action="lookupSelectAction"/>
      <button action="lookupCancelAction"/>
    </hbox>
  </layout>
</window>
