<?xml version="1.0" encoding="UTF-8" standalone="no"?>
<window xmlns="http://schemas.haulmont.com/cuba/screen/window.xsd"
  xmlns:c="http://schemas.haulmont.com/cuba/screen/jpql_condition.xsd"
  caption="msg://testChild2Browse.caption"
  focusComponent="testChild2sTable"
  messagesPack="com.company.multitenancyentitycache.web.screens.testchild2">
  <data readOnly="true">
    <collection id="testChild2sDc"
      class="com.company.multitenancyentitycache.entity.TestChild2">
      <view extends="_local"/>
      <loader id="testChild2sDl">
        <query>
          <![CDATA[select e from multitenancyentitycache_TestChild2 e]]>
        </query>
      </loader>
    </collection>
  </data>
  <dialogMode height="600"
    width="800"/>
  <layout expand="testChild2sTable"
    spacing="true">
    <filter id="filter"
      applyTo="testChild2sTable"
      dataLoader="testChild2sDl">
      <properties include=".*"/>
    </filter>
    <groupTable id="testChild2sTable"
      width="100%"
      dataContainer="testChild2sDc">
      <actions>
        <action id="create" type="create"/>
        <action id="edit" type="edit"/>
        <action id="remove" type="remove"/>
      </actions>
      <columns>
        <column id="tenantId"/>
        <column id="test"/>
      </columns>
      <rowsCount/>
      <buttonsPanel id="buttonsPanel"
        alwaysVisible="true">
        <button id="createBtn" action="testChild2sTable.create"/>
        <button id="editBtn" action="testChild2sTable.edit"/>
        <button id="removeBtn" action="testChild2sTable.remove"/>
      </buttonsPanel>
    </groupTable>
    <hbox id="lookupActions" spacing="true" visible="false">
      <button action="lookupSelectAction"/>
      <button action="lookupCancelAction"/>
    </hbox>
  </layout>
</window>
