<?xml version="1.0" encoding="UTF-8" standalone="no"?>
<window xmlns="http://schemas.haulmont.com/cuba/screen/window.xsd"
  caption="msg://testParentEdit.caption"
  focusComponent="form"
  messagesPack="com.company.multitenancyentitycache.web.screens.testparent">
  <data>
    <instance id="testParentDc"
      class="com.company.multitenancyentitycache.entity.TestParent">
      <view extends="_local">
        <property name="child" view="_minimal"/>
        <property name="child2" view="_minimal"/>
      </view>
      <loader/>
    </instance>
  </data>
  <dialogMode height="600"
    width="800"/>
  <layout expand="editActions" spacing="true">
    <form id="form" dataContainer="testParentDc">
      <column width="350px">
        <textField id="tenantIdField" property="tenantId"/>
        <pickerField id="childField" property="child">
          <actions>
            <action id="lookup" type="picker_lookup"/>
            <action id="clear" type="picker_clear"/>
          </actions>
        </pickerField>
        <pickerField id="child2Field" property="child2">
          <actions>
            <action id="lookup" type="picker_lookup"/>
            <action id="clear" type="picker_clear"/>
          </actions>
        </pickerField>
      </column>
    </form>
    <hbox id="editActions" spacing="true">
      <button id="commitAndCloseBtn" action="windowCommitAndClose"/>
      <button id="closeBtn" action="windowClose"/>
    </hbox>
  </layout>
</window>
